proguard_logs/seeds.txt
com.g0v.campaignfinance.AppConfig
com.g0v.campaignfinance.AppConfig: boolean DEBUG
com.g0v.campaignfinance.AppConfig: AppConfig()
com.g0v.campaignfinance.BuildConfig
com.g0v.campaignfinance.BuildConfig: boolean DEBUG
com.g0v.campaignfinance.BuildConfig: BuildConfig()
com.g0v.campaignfinance.MainActivity
com.g0v.campaignfinance.MainActivity: MainActivity()
com.g0v.campaignfinance.MainActivity: void onCreate(android.os.Bundle)
com.g0v.campaignfinance.MainActivity: boolean onCreateOptionsMenu(android.view.Menu)
com.g0v.campaignfinance.R
com.g0v.campaignfinance.R: R()
com.g0v.campaignfinance.R$attr
com.g0v.campaignfinance.R$attr: R$attr()
com.g0v.campaignfinance.R$color
com.g0v.campaignfinance.R$color: int apptheme_color
com.g0v.campaignfinance.R$color: R$color()
com.g0v.campaignfinance.R$dimen
com.g0v.campaignfinance.R$dimen: int activity_horizontal_margin
com.g0v.campaignfinance.R$dimen: int activity_vertical_margin
com.g0v.campaignfinance.R$dimen: int tab_host_default_height
com.g0v.campaignfinance.R$dimen: R$dimen()
com.g0v.campaignfinance.R$drawable
com.g0v.campaignfinance.R$drawable: int ab_transparent_apptheme
com.g0v.campaignfinance.R$drawable: int apptheme_activated_background_holo_dark
com.g0v.campaignfinance.R$drawable: int apptheme_btn_check_holo_dark
com.g0v.campaignfinance.R$drawable: int apptheme_btn_check_off_disabled_focused_holo_dark
com.g0v.campaignfinance.R$drawable: int apptheme_btn_check_off_disabled_holo_dark
com.g0v.campaignfinance.R$drawable: int apptheme_btn_check_off_focused_holo_dark
com.g0v.campaignfinance.R$drawable: int apptheme_btn_check_off_holo_dark
com.g0v.campaignfinance.R$drawable: int apptheme_btn_check_off_pressed_holo_dark
com.g0v.campaignfinance.R$drawable: int apptheme_btn_check_on_disabled_focused_holo_dark
com.g0v.campaignfinance.R$drawable: int apptheme_btn_check_on_disabled_holo_dark
com.g0v.campaignfinance.R$drawable: int apptheme_btn_check_on_focused_holo_dark
com.g0v.campaignfinance.R$drawable: int apptheme_btn_check_on_holo_dark
com.g0v.campaignfinance.R$drawable: int apptheme_btn_check_on_pressed_holo_dark
com.g0v.campaignfinance.R$drawable: int apptheme_btn_radio_holo_dark
com.g0v.campaignfinance.R$drawable: int apptheme_btn_radio_off_disabled_focused_holo_dark
com.g0v.campaignfinance.R$drawable: int apptheme_btn_radio_off_disabled_holo_dark
com.g0v.campaignfinance.R$drawable: int apptheme_btn_radio_off_focused_holo_dark
com.g0v.campaignfinance.R$drawable: int apptheme_btn_radio_off_holo_dark
com.g0v.campaignfinance.R$id
com.g0v.campaignfinance.R$id: int RelativeLayout1
com.g0v.campaignfinance.R$id: int currentAnswerTextView
com.g0v.campaignfinance.R$id: int dataImageView
com.g0v.campaignfinance.R$id: int ignoreButton
com.g0v.campaignfinance.R$id: int imageView1
com.g0v.campaignfinance.R$id: int inputButton
com.g0v.campaignfinance.R$id: int inputDialogDataEditText
com.g0v.campaignfinance.R$id: int inputDialogDataImageView
com.g0v.campaignfinance.R$id: int isEmptyButton
com.g0v.campaignfinance.R$id: int isRightButton
com.g0v.campaignfinance.R$id: int notClearButton
com.g0v.campaignfinance.R$id: int progressBar
com.g0v.campaignfinance.R$id: int progressBar1
com.g0v.campaignfinance.R$id: int quickInputButton
com.g0v.campaignfinance.R$id: int quickInputDialogDataImageView
com.g0v.campaignfinance.R$id: int quickInputDialogItemlistView
com.g0v.campaignfinance.R$id: int shareItem
com.g0v.campaignfinance.R$id: R$id()
com.g0v.campaignfinance.R$layout
com.g0v.campaignfinance.R$layout: int activity_main
com.g0v.campaignfinance.R$layout: int activity_start
com.g0v.campaignfinance.R$layout: int apptheme_tab_indicator_holo
com.g0v.campaignfinance.R$layout: int dialog_input
com.g0v.campaignfinance.R$layout: int dialog_quick_input
com.g0v.campaignfinance.R$layout: R$layout()
com.g0v.campaignfinance.R$menu
com.g0v.campaignfinance.R$menu: int main
com.g0v.campaignfinance.R$menu: R$menu()
...
org.apache.commons.lang3.CharEncoding
org.apache.commons.lang3.CharEncoding: java.lang.String ISO_8859_1
org.apache.commons.lang3.CharEncoding: java.lang.String US_ASCII
org.apache.commons.lang3.CharEncoding: java.lang.String UTF_16
org.apache.commons.lang3.CharEncoding: java.lang.String UTF_16BE
org.apache.commons.lang3.CharEncoding: java.lang.String UTF_16LE
org.apache.commons.lang3.CharEncoding: java.lang.String UTF_8
org.apache.commons.lang3.CharEncoding: CharEncoding()
org.apache.commons.lang3.CharEncoding: boolean isSupported(java.lang.String)
org.apache.commons.lang3.CharRange
org.apache.commons.lang3.CharRange: long serialVersionUID
org.apache.commons.lang3.CharRange: char start
org.apache.commons.lang3.CharRange: char end
org.apache.commons.lang3.CharRange: boolean negated
org.apache.commons.lang3.CharRange: java.lang.String iToString
org.apache.commons.lang3.CharRange: CharRange(char,char,boolean)
org.apache.commons.lang3.CharRange: org.apache.commons.lang3.CharRange is(char)
org.apache.commons.lang3.CharRange: org.apache.commons.lang3.CharRange isNot(char)
org.apache.commons.lang3.CharRange: org.apache.commons.lang3.CharRange isIn(char,char)
org.apache.commons.lang3.CharRange: org.apache.commons.lang3.CharRange isNotIn(char,char)
org.apache.commons.lang3.CharRange: char getStart()
org.apache.commons.lang3.CharRange: char getEnd()
org.apache.commons.lang3.CharRange: boolean isNegated()
org.apache.commons.lang3.CharRange: boolean contains(char)
org.apache.commons.lang3.CharRange: boolean contains(org.apache.commons.lang3.CharRange)
org.apache.commons.lang3.CharRange: boolean equals(java.lang.Object)
org.apache.commons.lang3.CharRange: int hashCode()
org.apache.commons.lang3.CharRange: java.lang.String toString()
org.apache.commons.lang3.CharRange: java.util.Iterator iterator()
org.apache.commons.lang3.CharRange: boolean access$100(org.apache.commons.lang3.CharRange)
org.apache.commons.lang3.CharRange: char access$200(org.apache.commons.lang3.CharRange)
org.apache.commons.lang3.CharRange$1
org.apache.commons.lang3.CharRange$CharacterIterator
org.apache.commons.lang3.CharRange$CharacterIterator: char current
org.apache.commons.lang3.CharRange$CharacterIterator: org.apache.commons.lang3.CharRange range
org.apache.commons.lang3.CharRange$CharacterIterator: boolean hasNext
org.apache.commons.lang3.CharRange$CharacterIterator: CharRange$CharacterIterator(org.apache.commons.lang3.CharRange)
org.apache.commons.lang3.CharRange$CharacterIterator: void prepareNext()
org.apache.commons.lang3.CharRange$CharacterIterator: boolean hasNext()
org.apache.commons.lang3.CharRange$CharacterIterator: java.lang.Character next()
org.apache.commons.lang3.CharRange$CharacterIterator: void remove()
org.apache.commons.lang3.CharRange$CharacterIterator: java.lang.Object next()
org.apache.commons.lang3.CharRange$CharacterIterator: CharRange$CharacterIterator(org.apache.commons.lang3.CharRange,org.apache.commons.lang3.CharRange$1)
org.apache.commons.lang3.CharSequenceUtils
org.apache.commons.lang3.CharSequenceUtils: CharSequenceUtils()
org.apache.commons.lang3.CharSequenceUtils: java.lang.CharSequence subSequence(java.lang.CharSequence,int)
org.apache.commons.lang3.CharSequenceUtils: int indexOf(java.lang.CharSequence,int,int)
org.apache.commons.lang3.CharSequenceUtils: int indexOf(java.lang.CharSequence,java.lang.CharSequence,int)
org.apache.commons.lang3.CharSequenceUtils: int lastIndexOf(java.lang.CharSequence,int,int)
org.apache.commons.lang3.CharSequenceUtils: int lastIndexOf(java.lang.CharSequence,java.lang.CharSequence,int)
org.apache.commons.lang3.CharSequenceUtils: char[] toCharArray(java.lang.CharSequence)
org.apache.commons.lang3.CharSequenceUtils: boolean regionMatches(java.lang.CharSequence,boolean,int,java.lang.CharSequence,int,int)