proguard_logs/mapping.txt
com.g0v.campaignfinance.AppConfig -> com.g0v.campaignfinance.AppConfig:
    boolean DEBUG -> DEBUG
com.g0v.campaignfinance.BuildConfig -> com.g0v.campaignfinance.BuildConfig:
    boolean DEBUG -> DEBUG
com.g0v.campaignfinance.MainActivity -> com.g0v.campaignfinance.MainActivity:
    java.lang.String TAG -> a
    android.widget.ProgressBar progressBar -> b
    android.widget.ImageView dataImageView -> c
    android.widget.TextView currentAnswerTextView -> d
    android.widget.Button isRightButton -> e
    android.widget.Button isEmptyButton -> f
    android.widget.Button quickInputButton -> g
    android.widget.Button inputButton -> h
    android.widget.Button notClearButton -> i
    android.widget.Button ignoreButton -> j
    android.widget.ArrayAdapter quickInputItemArrayAdapter -> k
    android.view.MenuItem shareMenuItem -> l
    com.g0v.campaignfinance.controller.CampaignFinanceController campaignFinanceController -> m
    com.g0v.campaignfinance.model.Cell cell -> n
    com.g0v.campaignfinance.model.CellCount cellCount -> o
    android.graphics.drawable.Drawable dataImage -> p
    long pollCellCount -> q
    long playCoinSoundCount -> r
    56:161:void onCreate(android.os.Bundle) -> onCreate
    167:200:boolean onCreateOptionsMenu(android.view.Menu) -> onCreateOptionsMenu
    208:263:void popupQuickDialog() -> a
    271:347:void popupInputDialog() -> b
    355:355:void logDebug(java.lang.String) -> a
    359:365:void doNextWork() -> c
    403:403:void playCoinSound() -> d
    426:426:void playKickSound() -> e
    22:22:void access$000(com.g0v.campaignfinance.MainActivity) -> a
com.g0v.campaignfinance.MainActivity$1 -> a:
    com.g0v.campaignfinance.MainActivity this$0 -> a
    95:99:void onClick(android.view.View) -> onClick
com.g0v.campaignfinance.MainActivity$10 -> b:
    com.g0v.campaignfinance.MainActivity this$0 -> a
    291:291:void onClick(android.content.DialogInterface,int) -> onClick
com.g0v.campaignfinance.MainActivity$11 -> c:
    com.g0v.campaignfinance.MainActivity this$0 -> a
    300:300:void onClick(android.content.DialogInterface,int) -> onClick
com.g0v.campaignfinance.MainActivity$12 -> d:
    android.app.AlertDialog val$inputDialog -> a
    com.g0v.campaignfinance.MainActivity this$0 -> b
    311:315:void onFocusChange(android.view.View,boolean) -> onFocusChange
com.g0v.campaignfinance.MainActivity$13 -> e:
    android.app.AlertDialog val$inputDialog -> a
    android.widget.EditText val$editText -> b
    com.g0v.campaignfinance.MainActivity this$0 -> c
    329:344:void onShow(android.content.DialogInterface) -> onShow
com.g0v.campaignfinance.MainActivity$13$1 -> f:
    com.g0v.campaignfinance.MainActivity$13 this$1 -> a
    335:342:void onClick(android.view.View) -> onClick
com.g0v.campaignfinance.MainActivity$2 -> g:
    com.g0v.campaignfinance.MainActivity this$0 -> a
    108:112:void onClick(android.view.View) -> onClick
com.g0v.campaignfinance.MainActivity$3 -> h:
    com.g0v.campaignfinance.MainActivity this$0 -> a
    121:122:void onClick(android.view.View) -> onClick
com.g0v.campaignfinance.MainActivity$4 -> i:
    com.g0v.campaignfinance.MainActivity this$0 -> a
    131:132:void onClick(android.view.View) -> onClick
com.g0v.campaignfinance.MainActivity$5 -> j:
    com.g0v.campaignfinance.MainActivity this$0 -> a
    141:145:void onClick(android.view.View) -> onClick
com.g0v.campaignfinance.MainActivity$6 -> k:
    com.g0v.campaignfinance.MainActivity this$0 -> a
    154:157:void onClick(android.view.View) -> onClick
com.g0v.campaignfinance.MainActivity$7 -> l:
    com.g0v.campaignfinance.MainActivity this$0 -> a
    175:196:boolean onMenuItemClick(android.view.MenuItem) -> onMenuItemClick
com.g0v.campaignfinance.MainActivity$8 -> m:
    com.g0v.campaignfinance.MainActivity this$0 -> a
    224:224:void onClick(android.content.DialogInterface,int) -> onClick
...
org.apache.commons.lang3.exception.ContextedException -> org.apache.commons.lang3.exception.ContextedException:
    long serialVersionUID -> serialVersionUID
    org.apache.commons.lang3.exception.ExceptionContext exceptionContext -> exceptionContext
    168:169:org.apache.commons.lang3.exception.ContextedException addContextValue(java.lang.String,java.lang.Object) -> addContextValue
    186:187:org.apache.commons.lang3.exception.ContextedException setContextValue(java.lang.String,java.lang.Object) -> setContextValue
    194:194:java.util.List getContextValues(java.lang.String) -> getContextValues
    201:201:java.lang.Object getFirstContextValue(java.lang.String) -> getFirstContextValue
    208:208:java.util.List getContextEntries() -> getContextEntries
    215:215:java.util.Set getContextLabels() -> getContextLabels
    226:226:java.lang.String getMessage() -> getMessage
    237:237:java.lang.String getRawMessage() -> getRawMessage
    244:244:java.lang.String getFormattedExceptionMessage(java.lang.String) -> getFormattedExceptionMessage
    84:84:org.apache.commons.lang3.exception.ExceptionContext setContextValue(java.lang.String,java.lang.Object) -> setContextValue
    84:84:org.apache.commons.lang3.exception.ExceptionContext addContextValue(java.lang.String,java.lang.Object) -> addContextValue
org.apache.commons.lang3.exception.ContextedRuntimeException -> org.apache.commons.lang3.exception.ContextedRuntimeException:
    long serialVersionUID -> serialVersionUID
    org.apache.commons.lang3.exception.ExceptionContext exceptionContext -> exceptionContext
    168:169:org.apache.commons.lang3.exception.ContextedRuntimeException addContextValue(java.lang.String,java.lang.Object) -> addContextValue
    186:187:org.apache.commons.lang3.exception.ContextedRuntimeException setContextValue(java.lang.String,java.lang.Object) -> setContextValue
    194:194:java.util.List getContextValues(java.lang.String) -> getContextValues
    201:201:java.lang.Object getFirstContextValue(java.lang.String) -> getFirstContextValue
    208:208:java.util.List getContextEntries() -> getContextEntries
    215:215:java.util.Set getContextLabels() -> getContextLabels
    226:226:java.lang.String getMessage() -> getMessage
    237:237:java.lang.String getRawMessage() -> getRawMessage
    244:244:java.lang.String getFormattedExceptionMessage(java.lang.String) -> getFormattedExceptionMessage
    84:84:org.apache.commons.lang3.exception.ExceptionContext setContextValue(java.lang.String,java.lang.Object) -> setContextValue
    84:84:org.apache.commons.lang3.exception.ExceptionContext addContextValue(java.lang.String,java.lang.Object) -> addContextValue
org.apache.commons.lang3.exception.DefaultExceptionContext -> org.apache.commons.lang3.exception.DefaultExceptionContext:
    long serialVersionUID -> serialVersionUID
    java.util.List contextValues -> contextValues
    53:54:org.apache.commons.lang3.exception.DefaultExceptionContext addContextValue(java.lang.String,java.lang.Object) -> addContextValue
    61:68:org.apache.commons.lang3.exception.DefaultExceptionContext setContextValue(java.lang.String,java.lang.Object) -> setContextValue
    75:81:java.util.List getContextValues(java.lang.String) -> getContextValues
    88:93:java.lang.Object getFirstContextValue(java.lang.String) -> getFirstContextValue
    100:104:java.util.Set getContextLabels() -> getContextLabels
    111:111:java.util.List getContextEntries() -> getContextEntries
    121:155:java.lang.String getFormattedExceptionMessage(java.lang.String) -> getFormattedExceptionMessage
    41:41:org.apache.commons.lang3.exception.ExceptionContext setContextValue(java.lang.String,java.lang.Object) -> setContextValue
    41:41:org.apache.commons.lang3.exception.ExceptionContext addContextValue(java.lang.String,java.lang.Object) -> addContextValue