proguard_logs/usage.txt
com.g0v.campaignfinance.MainActivity:
    private android.media.MediaPlayer coinSound
    private android.media.MediaPlayer kickSound
    private android.media.MediaPlayer oneUpSound
com.g0v.campaignfinance.StartActivity$CreateCampaignFinanceControllerTask:
    private static final int PROGRESS_BAR_ADD_ONE
com.g0v.campaignfinance.api.CampaignFinanceApi:
    private static final java.lang.String API_URL
    private static final java.lang.String FORM_KEY_ANSWER
    private static final java.lang.String FORM_KEY_S_TOKEN
...
android.support.v4.view.PagerTitleStrip:
    private static final java.lang.String TAG
    private static final float SIDE_ALPHA
    private static final int TEXT_SPACING
android.support.v4.view.PagerTitleStripIcs$SingleLineAllCapsTransform:
    private static final java.lang.String TAG
android.support.v4.view.ViewCompat:
    private static final long FAKE_FRAME_TIME
android.support.v4.view.ViewPager:
    private static final java.lang.String TAG
    private static final boolean DEBUG
    private static final boolean USE_CACHE
    private static final int DEFAULT_OFFSCREEN_PAGES
    private static final int MAX_SETTLE_DURATION
    private static final int MIN_DISTANCE_FOR_FLING
    private static final int DEFAULT_GUTTER_SIZE
    private static final int MIN_FLING_VELOCITY
    private boolean mIgnoreGutter
    private static final int INVALID_POINTER
    private static final int CLOSE_ENOUGH
    private static final int DRAW_ORDER_DEFAULT
    private static final int DRAW_ORDER_FORWARD
    private static final int DRAW_ORDER_REVERSE
    778:779:void smoothScrollTo(int,int)
android.support.v4.view.accessibility.AccessibilityNodeProviderCompat$AccessibilityNodeProviderKitKatImpl$1:
    123:127:public java.lang.Object findFocus(int)
android.support.v4.view.accessibility.AccessibilityNodeProviderCompatKitKat$1:
    61:61:public android.view.accessibility.AccessibilityNodeInfo findFocus(int)
android.support.v4.view.accessibility.AccessibilityNodeProviderCompatKitKat$AccessibilityNodeInfoBridge:
    public abstract java.lang.Object findFocus(int)
android.support.v4.widget.AutoScrollHelper:
    private static final int HORIZONTAL
    private static final int VERTICAL
    private static final int DEFAULT_EDGE_TYPE
    private static final int DEFAULT_MINIMUM_VELOCITY_DIPS
    private static final int DEFAULT_MAXIMUM_VELOCITY_DIPS
    private static final float DEFAULT_MAXIMUM_EDGE
    private static final float DEFAULT_RELATIVE_EDGE
    private static final float DEFAULT_RELATIVE_VELOCITY
    private static final int DEFAULT_RAMP_UP_DURATION
    private static final int DEFAULT_RAMP_DOWN_DURATION
android.support.v4.widget.ContentLoadingProgressBar:
    private static final int MIN_SHOW_TIME
    private static final int MIN_DELAY
android.support.v4.widget.DrawerLayout:
    private static final java.lang.String TAG
    private static final int MIN_DRAWER_MARGIN
    private static final int DEFAULT_SCRIM_COLOR
    private static final int PEEK_DELAY
    private static final int MIN_FLING_VELOCITY
    private static final boolean ALLOW_EDGE_LOCK
    private static final boolean CHILDREN_DISALLOW_INTERCEPT
    private static final float TOUCH_SLOP_SENSITIVITY
    540:549:void moveDrawerToOffset(android.view.View,float)
android.support.v4.widget.SearchViewCompat:
    264:266:private SearchViewCompat(android.content.Context)
android.support.v4.widget.SlidingPaneLayout:
    private static final java.lang.String TAG
    private static final int DEFAULT_OVERHANG_SIZE
    private static final int DEFAULT_FADE_COLOR
    private static final int MIN_FLING_VELOCITY
android.support.v4.widget.ViewDragHelper:
    private static final java.lang.String TAG
    private static final int EDGE_SIZE
    private static final int BASE_SETTLE_DURATION
    private static final int MAX_SETTLE_DURATION
com.google.gson.DefaultDateTypeAdapter:
    53:54:DefaultDateTypeAdapter(int)
com.google.gson.FieldAttributes:
    146:146:java.lang.Object get(java.lang.Object)
    155:155:boolean isSynthetic()
com.google.gson.Gson:
    static final boolean DEFAULT_JSON_NON_EXECUTABLE
    private static final java.lang.String JSON_NON_EXECUTABLE_PREFIX
com.google.gson.internal.Excluder:
    private static final double IGNORE_VERSIONS
com.google.gson.internal.StringMap:
    private static final int MINIMUM_CAPACITY
    private static final int MAXIMUM_CAPACITY